


Reqested license could not be retrieved
Command line login fail! Error code = 70105 (POM_inst_not_loaded)
Reqested license could not be retrieved
Command line login fail! Error code = 70105 (POM_inst_not_loaded)
ERROR: 
     26050: The current user "teamcenter_admin" is not licensed to perform administrative functions in Teamcenter. Please contact your system administrator for further assistance.
     70105: Error finding license for selected module
Reqested license could not be retrieved
Command line login fail! Error code = 70105 (POM_inst_not_loaded)
ERROR: 
     26050: The current user "teamcenter_admin" is not licensed to perform administrative functions in Teamcenter. Please contact your system administrator for further assistance.
     70105: Error finding license for selected module
Reqested license could not be retrieved
Command line login fail! Error code = 70105 (POM_inst_not_loaded)
Reqested license could not be retrieved
Command line login fail! Error code = 70105 (POM_inst_not_loaded)
Reqested license could not be retrieved
Command line login fail! Error code = 70105 (POM_inst_not_loaded)
Reqested license could not be retrieved
Command line login fail! Error code = 70105 (POM_inst_not_loaded)
Reqested license could not be retrieved
Command line login fail! Error code = 70105 (POM_inst_not_loaded)
