--------------------------------------------------------------------------------
Date: 16-Jul-2024_19-35-35
--------------------------------------------------------------------------------
Loading project: "j9mdxextraction"
File Loading Error: Cannot find file "foundation_template.xml" in "null" referenced by "C:\Apps\TC142\TC_ROOT\bmide\workspace\14000.0.0\j9mdxextraction\extensions\dependency.xml".
Model Error: C:\Apps\TC142\TC_ROOT\bmide\workspace\14000.0.0\j9mdxextraction\extensions\default.xml Line:13 Column:14 Undefined Release tc14000.1.0 (createRelease) in Library ( Template Name : "j9mdxextraction" )
Model Error: C:\Apps\TC142\TC_ROOT\bmide\workspace\14000.0.0\j9mdxextraction\extensions\default.xml Line:15 Column:69 Undefined Release tc14000.1.0 (createRelease) in Library ( Template Name : "j9mdxextraction" )
Model Error: C:\Apps\TC142\TC_ROOT\bmide\workspace\14000.0.0\j9mdxextraction\extensions\default.xml Line:17 Column:112 Undefined Release tc14000.1.0 (createRelease) in ServiceInterface ( Template Name : "j9mdxextraction" )
Model Error: C:\Apps\TC142\TC_ROOT\bmide\workspace\14000.0.0\j9mdxextraction\extensions\default.xml Line:19 Column:108 Undefined Release tc14000.1.0 (createRelease) in ServiceInterface ( Template Name : "j9mdxextraction" )
Model Error: C:\Apps\TC142\TC_ROOT\bmide\workspace\14000.0.0\j9mdxextraction\extensions\default.xml Line:31 Column:13 Undefined Release tc14000.1.0 (createRelease) in Struct ( Template Name : "j9mdxextraction" )
Model Error: C:\Apps\TC142\TC_ROOT\bmide\workspace\14000.0.0\j9mdxextraction\extensions\default.xml Line:37 Column:13 Undefined Release tc14000.1.0 (createRelease) in Struct ( Template Name : "j9mdxextraction" )
Model Error: C:\Apps\TC142\TC_ROOT\bmide\workspace\14000.0.0\j9mdxextraction\extensions\default.xml Line:51 Column:13 Undefined Release tc14000.1.0 (createRelease) in Struct ( Template Name : "j9mdxextraction" )
Model Error: C:\Apps\TC142\TC_ROOT\bmide\workspace\14000.0.0\j9mdxextraction\extensions\default.xml Line:90 Column:78 Undefined constant name "Fnd0SelectedLocales". ( Template Name : "j9mdxextraction" )
Model Error: C:\Apps\TC142\TC_ROOT\bmide\workspace\14000.0.0\j9mdxextraction\extensions\default.xml Line:45 Column:14 Undefined Release tc14000.1.0 (createRelease) in Typedef ( Template Name : "j9mdxextraction" )
Model Error: C:\Apps\TC142\TC_ROOT\bmide\workspace\14000.0.0\j9mdxextraction\extensions\default.xml Line:24 Column:22 Undefined ServiceInterface "J9::Soa::TCJira_Extraction::Extraction" in StructElement "objectId" ( Template Name : "j9mdxextraction" )
Model Error: C:\Apps\TC142\TC_ROOT\bmide\workspace\14000.0.0\j9mdxextraction\extensions\default.xml Line:27 Column:22 Undefined ServiceInterface "J9::Soa::TCJira_Extraction::Extraction" in StructElement "objectType" ( Template Name : "j9mdxextraction" )
Model Error: C:\Apps\TC142\TC_ROOT\bmide\workspace\14000.0.0\j9mdxextraction\extensions\default.xml Line:30 Column:22 Undefined ServiceInterface "J9::Soa::TCJira_Extraction::Extraction" in StructElement "extractionPath" ( Template Name : "j9mdxextraction" )
Model Error: C:\Apps\TC142\TC_ROOT\bmide\workspace\14000.0.0\j9mdxextraction\extensions\default.xml Line:36 Column:22 Undefined ServiceInterface "J9::Soa::TCJira_Extraction::Extraction" in StructElement "jsonPath" ( Template Name : "j9mdxextraction" )
Model Error: C:\Apps\TC142\TC_ROOT\bmide\workspace\14000.0.0\j9mdxextraction\extensions\default.xml Line:50 Column:22 Undefined ServiceInterface "J9::Soa::TCJira_ObjectSync::TcObjectSync" in StructElement "outputValue" ( Template Name : "j9mdxextraction" )
Model Error: C:\Apps\TC142\TC_ROOT\bmide\workspace\14000.0.0\j9mdxextraction\extensions\default.xml Line:63 Column:24 Undefined Release tc14000.1.0 (createRelease) in OperationTemplate ( Template Name : "j9mdxextraction" )
Model Error: C:\Apps\TC142\TC_ROOT\bmide\workspace\14000.0.0\j9mdxextraction\extensions\default.xml Line:75 Column:24 Undefined Release tc14000.1.0 (createRelease) in OperationTemplate ( Template Name : "j9mdxextraction" )
Model Error: C:\Apps\TC142\TC_ROOT\bmide\workspace\14000.0.0\j9mdxextraction\extensions\default.xml Line:82 Column:16 Undefined Release tc14000.1.0 (createRelease) in Operation ( Template Name : "j9mdxextraction" )
Model Error: C:\Apps\TC142\TC_ROOT\bmide\workspace\14000.0.0\j9mdxextraction\extensions\default.xml Line:89 Column:16 Undefined Release tc14000.1.0 (createRelease) in Operation ( Template Name : "j9mdxextraction" )
--------------------------------------------------------------------------------
Date: 17-Jul-2024_11-15-23
--------------------------------------------------------------------------------
Loading project: "j9mdxextraction"
File Loading Error: Cannot find file "foundation_template.xml" in "null" referenced by "C:\Apps\TC142\TC_ROOT\bmide\workspace\14000.0.0\j9mdxextraction\extensions\dependency.xml".
Model Error: C:\Apps\TC142\TC_ROOT\bmide\workspace\14000.0.0\j9mdxextraction\extensions\default.xml Line:13 Column:14 Undefined Release tc14000.1.0 (createRelease) in Library ( Template Name : "j9mdxextraction" )
Model Error: C:\Apps\TC142\TC_ROOT\bmide\workspace\14000.0.0\j9mdxextraction\extensions\default.xml Line:15 Column:69 Undefined Release tc14000.1.0 (createRelease) in Library ( Template Name : "j9mdxextraction" )
Model Error: C:\Apps\TC142\TC_ROOT\bmide\workspace\14000.0.0\j9mdxextraction\extensions\default.xml Line:17 Column:112 Undefined Release tc14000.1.0 (createRelease) in ServiceInterface ( Template Name : "j9mdxextraction" )
Model Error: C:\Apps\TC142\TC_ROOT\bmide\workspace\14000.0.0\j9mdxextraction\extensions\default.xml Line:19 Column:108 Undefined Release tc14000.1.0 (createRelease) in ServiceInterface ( Template Name : "j9mdxextraction" )
Model Error: C:\Apps\TC142\TC_ROOT\bmide\workspace\14000.0.0\j9mdxextraction\extensions\default.xml Line:31 Column:13 Undefined Release tc14000.1.0 (createRelease) in Struct ( Template Name : "j9mdxextraction" )
Model Error: C:\Apps\TC142\TC_ROOT\bmide\workspace\14000.0.0\j9mdxextraction\extensions\default.xml Line:37 Column:13 Undefined Release tc14000.1.0 (createRelease) in Struct ( Template Name : "j9mdxextraction" )
Model Error: C:\Apps\TC142\TC_ROOT\bmide\workspace\14000.0.0\j9mdxextraction\extensions\default.xml Line:51 Column:13 Undefined Release tc14000.1.0 (createRelease) in Struct ( Template Name : "j9mdxextraction" )
Model Error: C:\Apps\TC142\TC_ROOT\bmide\workspace\14000.0.0\j9mdxextraction\extensions\default.xml Line:90 Column:78 Undefined constant name "Fnd0SelectedLocales". ( Template Name : "j9mdxextraction" )
Model Error: C:\Apps\TC142\TC_ROOT\bmide\workspace\14000.0.0\j9mdxextraction\extensions\default.xml Line:45 Column:14 Undefined Release tc14000.1.0 (createRelease) in Typedef ( Template Name : "j9mdxextraction" )
Model Error: C:\Apps\TC142\TC_ROOT\bmide\workspace\14000.0.0\j9mdxextraction\extensions\default.xml Line:63 Column:24 Undefined Release tc14000.1.0 (createRelease) in OperationTemplate ( Template Name : "j9mdxextraction" )
Model Error: C:\Apps\TC142\TC_ROOT\bmide\workspace\14000.0.0\j9mdxextraction\extensions\default.xml Line:75 Column:24 Undefined Release tc14000.1.0 (createRelease) in OperationTemplate ( Template Name : "j9mdxextraction" )
Model Error: C:\Apps\TC142\TC_ROOT\bmide\workspace\14000.0.0\j9mdxextraction\extensions\default.xml Line:24 Column:22 Undefined ServiceInterface "J9::Soa::TCJira_Extraction::Extraction" in StructElement "objectId" ( Template Name : "j9mdxextraction" )
Model Error: C:\Apps\TC142\TC_ROOT\bmide\workspace\14000.0.0\j9mdxextraction\extensions\default.xml Line:27 Column:22 Undefined ServiceInterface "J9::Soa::TCJira_Extraction::Extraction" in StructElement "objectType" ( Template Name : "j9mdxextraction" )
Model Error: C:\Apps\TC142\TC_ROOT\bmide\workspace\14000.0.0\j9mdxextraction\extensions\default.xml Line:30 Column:22 Undefined ServiceInterface "J9::Soa::TCJira_Extraction::Extraction" in StructElement "extractionPath" ( Template Name : "j9mdxextraction" )
Model Error: C:\Apps\TC142\TC_ROOT\bmide\workspace\14000.0.0\j9mdxextraction\extensions\default.xml Line:36 Column:22 Undefined ServiceInterface "J9::Soa::TCJira_Extraction::Extraction" in StructElement "jsonPath" ( Template Name : "j9mdxextraction" )
Model Error: C:\Apps\TC142\TC_ROOT\bmide\workspace\14000.0.0\j9mdxextraction\extensions\default.xml Line:50 Column:22 Undefined ServiceInterface "J9::Soa::TCJira_ObjectSync::TcObjectSync" in StructElement "outputValue" ( Template Name : "j9mdxextraction" )
Model Error: C:\Apps\TC142\TC_ROOT\bmide\workspace\14000.0.0\j9mdxextraction\extensions\default.xml Line:82 Column:16 Undefined Release tc14000.1.0 (createRelease) in Operation ( Template Name : "j9mdxextraction" )
Model Error: C:\Apps\TC142\TC_ROOT\bmide\workspace\14000.0.0\j9mdxextraction\extensions\default.xml Line:89 Column:16 Undefined Release tc14000.1.0 (createRelease) in Operation ( Template Name : "j9mdxextraction" )
